# JRE version: OpenJDK Runtime Environment Zulu17.30+15-CA (17.0.1+12) (build 17.0.1+12-LTS)
# Java VM: OpenJDK 64-Bit Server VM Zulu17.30+15-CA (17.0.1+12-LTS, mixed mode, sharing, tiered, compressed oops, compressed class ptrs, g1 gc, windows-amd64)
GC Precious Log:
 CPUs: 12 total, 12 available
 Memory: 16178M
 Large Page Support: Disabled
 NUMA Support: Disabled
 Compressed Oops: Enabled (Zero based)
 Heap Region Size: 2M
 Heap Min Capacity: 8M
 Heap Initial Capacity: 254M
 Heap Max Capacity: 3G
 Pre-touch: Disabled
 Parallel Workers: 10
 Concurrent Workers: 3
 Concurrent Refinement Workers: 10
 Periodic GC: Disabled
Heap:
 garbage-first heap   total 522240K, used 395284K [0x0000000740000000, 0x0000000800000000)
  region size 2048K, 2 young (4096K), 1 survivors (2048K)
 Metaspace       used 36823K, committed 37440K, reserved 1089536K
  class space    used 3369K, committed 3648K, reserved 1048576K
GC Heap History (20 events):
Event: 29.335 GC heap before
{Heap before GC invocations=31 (full 0):
 garbage-first heap   total 522240K, used 423512K [0x0000000740000000, 0x0000000800000000)
  region size 2048K, 48 young (98304K), 7 survivors (14336K)
 Metaspace       used 36226K, committed 36800K, reserved 1089536K
  class space    used 3332K, committed 3648K, reserved 1048576K
}
Event: 29.342 GC heap after
{Heap after GC invocations=32 (full 0):
 garbage-first heap   total 522240K, used 353361K [0x0000000740000000, 0x0000000800000000)
  region size 2048K, 6 young (12288K), 6 survivors (12288K)
 Metaspace       used 36226K, committed 36800K, reserved 1089536K
  class space    used 3332K, committed 3648K, reserved 1048576K
}
Event: 29.815 GC heap before
{Heap before GC invocations=32 (full 0):
 garbage-first heap   total 522240K, used 427089K [0x0000000740000000, 0x0000000800000000)
  region size 2048K, 42 young (86016K), 6 survivors (12288K)
 Metaspace       used 36360K, committed 36928K, reserved 1089536K
  class space    used 3348K, committed 3648K, reserved 1048576K
}
Event: 29.822 GC heap after
{Heap after GC invocations=33 (full 0):
 garbage-first heap   total 522240K, used 368640K [0x0000000740000000, 0x0000000800000000)
  region size 2048K, 6 young (12288K), 6 survivors (12288K)
 Metaspace       used 36360K, committed 36928K, reserved 1089536K
  class space    used 3348K, committed 3648K, reserved 1048576K
}
Event: 30.132 GC heap before
{Heap before GC invocations=33 (full 0):
 garbage-first heap   total 522240K, used 432128K [0x0000000740000000, 0x0000000800000000)
  region size 2048K, 37 young (75776K), 6 survivors (12288K)
 Metaspace       used 36362K, committed 36928K, reserved 1089536K
  class space    used 3348K, committed 3648K, reserved 1048576K
}
Event: 30.138 GC heap after
{Heap after GC invocations=34 (full 0):
 garbage-first heap   total 522240K, used 381773K [0x0000000740000000, 0x0000000800000000)
  region size 2048K, 5 young (10240K), 5 survivors (10240K)
 Metaspace       used 36362K, committed 36928K, reserved 1089536K
  class space    used 3348K, committed 3648K, reserved 1048576K
}
Event: 30.400 GC heap before
{Heap before GC invocations=34 (full 0):
 garbage-first heap   total 522240K, used 435021K [0x0000000740000000, 0x0000000800000000)
  region size 2048K, 31 young (63488K), 5 survivors (10240K)
 Metaspace       used 36379K, committed 36928K, reserved 1089536K
  class space    used 3350K, committed 3648K, reserved 1048576K
}
Event: 30.405 GC heap after
{Heap after GC invocations=35 (full 0):
 garbage-first heap   total 522240K, used 394312K [0x0000000740000000, 0x0000000800000000)
  region size 2048K, 4 young (8192K), 4 survivors (8192K)
 Metaspace       used 36379K, committed 36928K, reserved 1089536K
  class space    used 3350K, committed 3648K, reserved 1048576K
}
Event: 66.192 GC heap before
{Heap before GC invocations=35 (full 0):
 garbage-first heap   total 522240K, used 439368K [0x0000000740000000, 0x0000000800000000)
  region size 2048K, 26 young (53248K), 4 survivors (8192K)
 Metaspace       used 36583K, committed 37184K, reserved 1089536K
  class space    used 3352K, committed 3648K, reserved 1048576K
}
Event: 66.194 GC heap after
{Heap after GC invocations=36 (full 0):
 garbage-first heap   total 522240K, used 396837K [0x0000000740000000, 0x0000000800000000)
  region size 2048K, 1 young (2048K), 1 survivors (2048K)
 Metaspace       used 36583K, committed 37184K, reserved 1089536K
  class space    used 3352K, committed 3648K, reserved 1048576K
}
Event: 105.394 GC heap before
{Heap before GC invocations=36 (full 0):
 garbage-first heap   total 522240K, used 443941K [0x0000000740000000, 0x0000000800000000)
  region size 2048K, 24 young (49152K), 1 survivors (2048K)
 Metaspace       used 36720K, committed 37376K, reserved 1089536K
  class space    used 3365K, committed 3648K, reserved 1048576K
}
Event: 105.395 GC heap after
{Heap after GC invocations=37 (full 0):
 garbage-first heap   total 522240K, used 395429K [0x0000000740000000, 0x0000000800000000)
  region size 2048K, 1 young (2048K), 1 survivors (2048K)
 Metaspace       used 36720K, committed 37376K, reserved 1089536K
  class space    used 3365K, committed 3648K, reserved 1048576K
}
Event: 148.879 GC heap before
{Heap before GC invocations=37 (full 0):
 garbage-first heap   total 522240K, used 446629K [0x0000000740000000, 0x0000000800000000)
  region size 2048K, 26 young (53248K), 1 survivors (2048K)
 Metaspace       used 36722K, committed 37376K, reserved 1089536K
  class space    used 3365K, committed 3648K, reserved 1048576K
}
Event: 148.880 GC heap after
{Heap after GC invocations=38 (full 0):
 garbage-first heap   total 522240K, used 395235K [0x0000000740000000, 0x0000000800000000)
  region size 2048K, 1 young (2048K), 1 survivors (2048K)
 Metaspace       used 36722K, committed 37376K, reserved 1089536K
  class space    used 3365K, committed 3648K, reserved 1048576K
}
Event: 193.717 GC heap before
{Heap before GC invocations=38 (full 0):
 garbage-first heap   total 522240K, used 450531K [0x0000000740000000, 0x0000000800000000)
  region size 2048K, 28 young (57344K), 1 survivors (2048K)
 Metaspace       used 36722K, committed 37376K, reserved 1089536K
  class space    used 3365K, committed 3648K, reserved 1048576K
}
Event: 193.717 GC heap after
{Heap after GC invocations=39 (full 0):
 garbage-first heap   total 522240K, used 395195K [0x0000000740000000, 0x0000000800000000)
  region size 2048K, 1 young (2048K), 1 survivors (2048K)
 Metaspace       used 36722K, committed 37376K, reserved 1089536K
  class space    used 3365K, committed 3648K, reserved 1048576K
}
Event: 239.272 GC heap before
{Heap before GC invocations=39 (full 0):
 garbage-first heap   total 522240K, used 452539K [0x0000000740000000, 0x0000000800000000)
  region size 2048K, 29 young (59392K), 1 survivors (2048K)
 Metaspace       used 36723K, committed 37376K, reserved 1089536K
  class space    used 3365K, committed 3648K, reserved 1048576K
}
Event: 239.273 GC heap after
{Heap after GC invocations=40 (full 0):
 garbage-first heap   total 522240K, used 395189K [0x0000000740000000, 0x0000000800000000)
  region size 2048K, 1 young (2048K), 1 survivors (2048K)
 Metaspace       used 36723K, committed 37376K, reserved 1089536K
  class space    used 3365K, committed 3648K, reserved 1048576K
}
Event: 283.845 GC heap before
{Heap before GC invocations=40 (full 0):
 garbage-first heap   total 522240K, used 454581K [0x0000000740000000, 0x0000000800000000)
  region size 2048K, 30 young (61440K), 1 survivors (2048K)
 Metaspace       used 36823K, committed 37440K, reserved 1089536K
  class space    used 3369K, committed 3648K, reserved 1048576K
}
Event: 283.846 GC heap after
{Heap after GC invocations=41 (full 0):
 garbage-first heap   total 522240K, used 395284K [0x0000000740000000, 0x0000000800000000)
  region size 2048K, 1 young (2048K), 1 survivors (2048K)
 Metaspace       used 36823K, committed 37440K, reserved 1089536K
  class space    used 3369K, committed 3648K, reserved 1048576K
}

